<?xml version="1.0" encoding="UTF-8"?>
<testsuite xmlns:xsi="http://www.w3.org/2001/XMLSchema-instance" xsi:noNamespaceSchemaLocation="https://maven.apache.org/surefire/maven-surefire-plugin/xsd/surefire-test-report.xsd" name="com.andrewhun.calculator.MainTestCase" time="39.99" tests="15" errors="0" skipped="0" failures="0">
  <properties>
[...]
</properties>
  <testcase name="ensureThatZeroIsDisplayedCorrectly" classname="com.andrewhun.calculator.MainTestCase" time="1.612"/>
  <testcase name="ensureThatChainingOperationsWorks" classname="com.andrewhun.calculator.MainTestCase" time="2.591"/>
  <testcase name="ensureThatDefaultNumberIsReplaced" classname="com.andrewhun.calculator.MainTestCase" time="1.213"/>
  <testcase name="ensureThatAddingDecimalPointsWorks" classname="com.andrewhun.calculator.MainTestCase" time="1.546"/>
  <testcase name="ensureThatSlashButtonWorks" classname="com.andrewhun.calculator.MainTestCase" time="1.305"/>
  <testcase name="ensureThatSelectedDigitIsAppended" classname="com.andrewhun.calculator.MainTestCase" time="1.533"/>
  <testcase name="ensureThatChangingSignsWorks" classname="com.andrewhun.calculator.MainTestCase" time="2.674"/>
  <testcase name="ensureThatPlusButtonWorks" classname="com.andrewhun.calculator.MainTestCase" time="0.953"/>
  <testcase name="ensureThatClearingWorks" classname="com.andrewhun.calculator.MainTestCase" time="6.783"/>
  <testcase name="ensureThatDeletingDigitsWorks" classname="com.andrewhun.calculator.MainTestCase" time="3.03"/>
  <testcase name="ensureThatMinusButtonWorks" classname="com.andrewhun.calculator.MainTestCase" time="1.084"/>
  <testcase name="ensureThatDivisionByZeroIsCaught" classname="com.andrewhun.calculator.MainTestCase" time="3.769"/>
  <testcase name="ensureThatOperationChangingWorks" classname="com.andrewhun.calculator.MainTestCase" time="2.199"/>
  <testcase name="ensureThatResultsAreCorrect" classname="com.andrewhun.calculator.MainTestCase" time="8.715"/>
  <testcase name="ensureThatAsteriskButtonWorks" classname="com.andrewhun.calculator.MainTestCase" time="0.963"/>
</testsuite>